\BOOKMARK [1][-]{section.1}{Introdu\347\343o}{}% 1
\BOOKMARK [1][-]{section.2}{Introdu\347\343o \340 Mec\342nica Qu\342ntica e F\355sica do Estado S\363lido}{}% 2
\BOOKMARK [2][-]{subsection.2.1}{Equa\347\343o de Schr\366dinger}{section.2}% 3
\BOOKMARK [3][-]{subsubsection.2.1.1}{El\351tron livre}{subsection.2.1}% 4
\BOOKMARK [3][-]{subsubsection.2.1.2}{El\351tron em um po\347o de potencial infinito}{subsection.2.1}% 5
\BOOKMARK [3][-]{subsubsection.2.1.3}{Hamiltoniano de um Cristal Perfeito}{subsection.2.1}% 6
\BOOKMARK [2][-]{subsection.2.2}{Rede Cristalina}{section.2}% 7
\BOOKMARK [3][-]{subsubsection.2.2.1}{Rede de Bravis}{subsection.2.2}% 8
\BOOKMARK [3][-]{subsubsection.2.2.2}{Rede Rec\355proca}{subsection.2.2}% 9
\BOOKMARK [3][-]{subsubsection.2.2.3}{Primeira zona de Brillouin}{subsection.2.2}% 10
\BOOKMARK [2][-]{subsection.2.3}{Potencial Peri\363dico e Teorema de Bloch}{section.2}% 11
\BOOKMARK [3][-]{subsubsection.2.3.1}{Potencial Peri\363dico}{subsection.2.3}% 12
\BOOKMARK [3][-]{subsubsection.2.3.2}{Teorema de Bloch}{subsection.2.3}% 13
\BOOKMARK [3][-]{subsubsection.2.3.3}{Condi\347\343o de Contorno de Born-Von Karman}{subsection.2.3}% 14
\BOOKMARK [3][-]{subsubsection.2.3.4}{Prova do Teorema de Bloch}{subsection.2.3}% 15
\BOOKMARK [2][-]{subsection.2.4}{Teoria de Bandas nos S\363lidos}{section.2}% 16
\BOOKMARK [2][-]{subsection.2.5}{Condutores, semicondutores e isolantes}{section.2}% 17
\BOOKMARK [2][-]{subsection.2.6}{Semicondutores bulk}{section.2}% 18
\BOOKMARK [1][-]{section.3}{Desenvolvimento}{}% 19
\BOOKMARK [2][-]{subsection.3.1}{Confinamento qu\342ntico e densidade de estados}{section.3}% 20
\BOOKMARK [3][-]{subsubsection.3.1.1}{Densidade de estado}{subsection.3.1}% 21
\BOOKMARK [3][-]{subsubsection.3.1.2}{Equa\347\343o de Brus}{subsection.3.1}% 22
\BOOKMARK [1][-]{section*.2}{Refer\352ncias}{}% 23
